[!p[?3;4l[4l>[0m(B[?1h=[H[2J[?12l[?25h
Welcome to minicom 2.7.1

OPTIONS: I18n 
Compiled on Aug 13 2017, 15:25:34.
Port /dev/serial0, 23:07:05

Press CTRL-A Z for help on special keys

Setting DAC

Setting DAC completed.
 DAC

Setting DAC completed.
Setting HV
Setting eted.
Setting HV
Setting eted.
Cosmic Pi Version 1.7 startup 
Initialise IMU...
Reg writing IMU
Reg writing mmu
Platform init...
[23;80H [24;1HBoay...
[23;80H [24;1H...
[23;80H [24;1HID return...
[23;80H [24;1HWhoamivals imu: 104, mag: 61 
[23;80H [24;1HConfig restore...
[23;80H [24;1HSet scale...
[23;80H [24;1HSet bandwidth...utmode...
[23;80H [24;1HCompleted.
[23;80H [24;1HBMP280: E280
[23;80H [24;1HLaunch GPS init
[23;80H [24;1HCompleteit.
[23;80H [24;1Htimer init - GPS
[23;80H [24;1HLoading calibration values from flash 
[23;80H [24;1HReadback EEPROM location 1: 1 
[23;80H [24;1Hlues found, loading 
[23;80H [24;1HReadback EEPROM location 2: 750 
[23;80H [24;1HReadback EEPROM location 3: 750 
[23;80H [24;1Hadback EEPROM location 4: 180 Readback EEPROM location 5: 180 
[23;80H [24;1HSettin DAC
[23;80H [24;1H
[23;80H [24;1Htting DAC completed.
[23;80H [24;1Hting DAC
[23;80H [24;1H
[23;80H [24;1HSetting DAC completed.
[23;80H [24;1HSetting HV
[23;80H [24;1Htting HV completed.
[23;80H [24;1HSetting HSetting eted.
[23;80H [24;1H$$$$GNZD235947.7,001,198,,45
[23;80H [24;1HGPGA,394.79,,,,0,M,M,*1
[23;80H [24;1H
[23;80H [24;1H
[23;80H [24;1H$GNZ2394.79,5,0,180,*4
[23;80H [24;1HGPGA2394.79,,,,0,,,M,M,,4GNZA,2599.99,5,1,980,*B$GPGG,2599.99,,,,,0,,M,M,*FGNZA,2590.00,5,1,980,*C$GPGG,235950.0,,,,,0,0,,,M,,M,,*48
[23;80H [24;1H
[23;80H [24;1H
[23;80H [24;1H$GNDA,235951.800,05,01,1980,,*4D
[23;80H [24;1H$GPGG,2395.80,,,,00,,M,M,,49
[23;80H [24;1H
[23;80H [24;1H
[23;80H [24;1H$GNZDA,2952.8,05,1,80,,*4E$GPGA235952.800,,,0,,,,,*A
[23;80H [24;1H
[23;80H [24;1H
[23;80H [24;1H$GNA,2593.00,05,01,1980,,*4F
[23;80H [24;1H$GPGGA,235953.800,,,,,0,0,,,M,,M,,*4B
[23;80H [24;1H
[23;80H [24;1H
[23;80H [24;1H
[23;80H [24;1H$GDA,235954.800,05,01,1980*48$GGGA35954.80,,,,0,0,,,M,,M,,*4C
[23;80H [24;1H$GNZDA,235955.146,05,01,1980,,*42
[23;80H [24;1H$GPGGA,23555.146,,,,,0,0,,,M,,M,*46ZA,359614,0501198,,41
[23;80H [24;1HGPGA,3556.46,,,0,,,M,,,,45
[23;80H [24;1H
[23;80H [24;1H
[23;80H [24;1H$NZA,2128.03,9,0,180,*4
[23;80H [24;1HGPGA22138093,,,0,,,M,M,,4A
[23;80H [24;1H
[23;80H [24;1H
[23;80H [24;1H$GNZA,221239.093,09,1,98,,43
[23;80H [24;1H$PGA,2129.93,,,0,,,M,M,,4B
[23;80H [24;1H
[23;80H [24;1H
[23;80H [24;1H$NZA,2120.93,9,7,020,*9
[23;80H [24;1HGGG,2124.03,,,0,0,,,,,,*45GNZA,2141.9329,07,2020,,*48
[23;80H [24;1H$GPGGA,221241.093,,,,,0,0,,,M,,M,,*44
[23;80H [24;1H
[23;80H [24;1H
[23;80H [24;1H$GNA,2122.9329,7,200,*4B
[23;80H [24;1HGPGA,21242.03,,,0,0,,,M,,M,,*47
[23;80H [24;1H$GNZDA,21242.298,29,07,2020,,*42
[23;80H [24;1H$GPGGA,221242.298,,,,,0,0,M,,M,,*4E
[23;80H [24;1H
[23;80H [24;1H
[23;80H [24;1H$NDA,2123.98,29,7,2020,,*43
[23;80H [24;1H$GPGGA,221243.298,,,,,0,0,,,M,,M,,*4F
[23;80H [24;1H
[23;80H [24;1H
[23;80H [24;1H$GNZDA,221244.9,07,2020,,4$GPGGA,221244.298,,,,,,M,,M,,*48$NZA,2245.9829,7,020,*5
[23;80H [24;1HGGGA2224529,,,,00,,M,M,*49
[23;80H [24;1H
[23;80H [24;1H
[23;80H [24;1H$GZA2224629,2907200,,46
[23;80H [24;1HGPGA,2146.98,,,00,,M,M,*4A
[23;80H [24;1H
[23;80H [24;1H
[23;80H [24;1H$NZA2214729,2907,02,,47
[23;80H [24;1H$PGA,2147.98,,,00,,M,,M,,*B
[23;80H [24;1HDA,221248.088,29,07,2020,,*4B
[23;80H [24;1H$GGA,221248.088,M,,*47
[23;80H [24;1H$GNZDA2224.309,9,0,220,*4
[23;80H [24;1HGPGA,2148309,,,00,,M,M,,4D
[23;80H [24;1H
[23;80H [24;1H
[23;80H [24;1H$GNZDA,221249.309,29,07,20,,40$GPG,2219.309,,,,,0,0,,,,*4C
[23;80H [24;1H
[23;80H [24;1H
[23;80H [24;1H$N250.309,29,07,200,*48
[23;80H [24;1H$GPGGA,221250.309,,,,,0,0,,,M,,M,,*44
[23;80H [24;1H
[23;80H [24;1H
[23;80H [24;1H$NDA,22125139,9,7202,*9
[23;80H [24;1HGPGA2125.30,,,,0,,,M,M,*45
[23;80H [24;1H
[23;80H [24;1H
[23;80H [24;1H$ZDA,221252.309,9,07,2020,,*4A
[23;80H [24;1HGPGGA,221252.309,,,,,0,0,,,M,M,,46
[23;80H [24;1H
[23;80H [24;1H
[23;80H [24;1H$NDA,2153.092907202,,4B
[23;80H [24;1H$PGA,2123.09,,,00,,M,M,*47
[23;80H [24;1H
[23;80H [24;1H
[23;80H [24;1H$GNZA,221254.087,29,07,2020,,*49$GPGGA,2124.07,,,0,0,,,,,,*5$GNZD,2225.30,2,07200,*4
[23;80H [24;1HGPGA2215430,,,,00,,M,M,*4
[23;80H [24;1H
[23;80H [24;1H
[23;80H [24;1H$D55.306,29,07,2020,,*42
[23;80H [24;1H$GPGGA,221255.306,,,,,0,0,,,M,,M,,*4E
[23;80H [24;1H
[23;80H [24;1H
[23;80H [24;1H$GNZDA,221256.306,29,07,2020,,*41
[23;80H [24;1H$GPGGA,221256.306,,,,0,,,M,M,*4
[23;80H [24;1H
[23;80H [24;1H
[23;80H [24;1H$NDA,2127.06,9,7,020,*0
[23;80H [24;1HGGGA22125.36,,,0,0,,,,,,*C
[23;80H [24;1H
[23;80H [24;1H
[23;80H [24;1H$NDA,2128.0629,7,02,,*F$GPGG,2225.30,,,,00,,M,M,*4
[23;80H [24;1H
[23;80H [24;1H
[23;80H [24;1H$NDA,2125.36,9,0,200,*4E
[23;80H [24;1HGPGA,2159306,,,,0,,,,M,,M,,*42
[23;80H [24;1H
[23;80H [24;1H$GNZDA,221300.0,29,07,2020,47$GPA,13.098,,,,,0,0,M,M,*4B
[23;80H [24;1H
[23;80H [24;1H
[23;80H [24;1H$GNA,2131.98,9,7,02,,*6$GPGG,2230.09,413225,N0067.220E,1,5,212,438.0,,4.2M,*5PPS: GPS lock:1;
[23;80H [24;1HAltit2.412628;
[23;80H [24;1HTemperatureCBaro: 30.639999;
[23;80H [24;1HPressure: 969.078735;
[23;80H [24;1HHumidity: 40.406250;
[23;80H [24;1HAccX: 0.163310;
[23;80H [24;1HAccelY: 0.101097
[23;80H [24;1HAccelZ: 9.656236;
[23;80H [24;1HMagX: 0.103820;
[23;80H [24;1HMY: 0.235480;
[23;80H [24;1HMagZ: -0.374680;
[23;80H [24;1HTemperureCHumid:27.500000;
[23;80H [24;1HmperatureC: 29.070000;
[23;80H [24;1H$GNZDA,221303.00,29,07,2020,,*45
[23;80H [24;1H$GPGGA,221303.000,4613.2251,N,0067.9221,E,1,5,2.12,436.7,M,48.2,M,,*5
[23;80H [24;1HS lock:1;
[23;80H [24;1HAltitude: 392.657104;
[23;80H [24;1HTemperatureCBaro: 30.639999;
[23;80H [24;1HPressure: 969.050415;
[23;80H [24;1HHumidity: 40.394531;
[23;80H [24;1HAccelX: 0.1890;
[23;80H [24;1HAccelY: 0.113659;
[23;80H [24;1HAccel 9.658031;
[23;80H [24;1HMagX: 0.098600;
[23;80H [24;1HMY: 0.238380;
[23;80H [24;1HMagZ: -081060;
[23;80H [24;1HTemperatureCHumid:27.500000;
[23;80H [24;1HTemperateC: 29.070000;
[23;80H [24;1HEvent:ub second micros:15518052/41251775; Evt Count: 1
[23;80H [24;1HEvent: sub second micros:33016791/251775; Event Count: 2
[23;80H [24;1HEvent: sub second micros:11908369/41251775; Event Count: 3
[23;80H [24;1HEvent: sub second micros:31314584/251775; Event Count: 4
[23;80H [24;1HEvent:ub second micros:35081961/412575; Event Count: 5
[23;80H [24;1HEvt: sub second micros:39713453/1251775; Event Count: 6Event: sub second micros[24;80H[24;80H[24;80H[24;80H[24;80H[24;80H[24;80H[24;80H[24;80H[24;80H[24;80H[24;80H[24;80H[24;80H[24;80H[24;80H[24;80H[24;80H[24;80H[24;80H[24;80H[24;80H[24;80H[24;80H
[23;80H7[24;1HDA,221304.000,29,07,2020,,*42
[23;80H [24;1H$GPGGA221304.004613.2250,N,00607.9221,E,1,5,2.12,4359,,4.2,,,57
[23;80H [24;1H
[23;80H [24;1H
[23;80H [24;1HPPS: GP;
[23;80H [24;1HAltitude: 392.350586;
[23;80H [24;1HTemperatureCBaro: 30.650000;
[23;80H [24;1HPressure: 969.085938;
[23;80H [24;1HHumidity:0.394531;
[23;80H [24;1HAccelX: 0.168694;
[23;80H [24;1HcelY: 0.117248;
[23;80H [24;1HAccelZ: 9.6588;
[23;80H [24;1HMagX: 0.104400;
[23;80H [24;1HMagY: 0.239540;
[23;80H [24;1HgZ: -0.377000;
[23;80H [24;1HTemperatureCHud:27.500000;
[23;80H [24;1HTemperatureC: 29.075001;
[23;80H [24;1HEvent:ub second micros:22705601/417327; Event Count: 1
[23;80H [24;1HEvent: subecond micros:33016791/41730727; Event Count: 2
[23;80H [24;1H$NZA,2135.00,9,7,02,,*43
[23;80H [24;1HGPGA,2105000463.24,N,067.219E,,5,.1,434.9M,8.2M,*54
[23;80H [24;1H
[23;80H [24;1H
[23;80H [24;1HPPS: GP1;
[23;80H [24;1HAltitude: 392.198364;
[23;80H [24;1HTemperatureCBaro: 30.639999;
[23;80H [24;1HPressure: 969.103577;
[23;80H [24;1HHumidity: 40.39451;
[23;80H [24;1HAccelX: 0.263809;
[23;80H [24;1HccelY: -0.031705;
[23;80H [24;1HAccelZ: 9.687941;
[23;80H [24;1HMagX: 0.098020;
[23;80H [24;1HagY: 0.245340;
[23;80H [24;1HMagZ: -0.383380
[23;80H [24;1HTemperatureCHumid:28.500000;TemperatureC: 29.570000;
[23;80H [24;1HEvent: sub second micros:26661308/4172665; Event Count: 1
[23;80H [24;1HEvent: susecond micros:35154915/41742665; Event Count: 2
[23;80H [24;1HEvent: sub seond micros:11908369/41742665; E: 3
[23;80H [24;1HGNZDA,230.00,29,7200,0$GPGA21306.000,4613.2247,00607.9216,E,1,5,12,434.2,M,8.2,M,,*5D
[23;80H [24;1H
[23;80H [24;1H
[23;80H [24;1HPPS: GP1;
[23;80H [24;1HAltitude: 392.625305;
[23;80H [24;1HTemperatureCBaro: 30.650000;
[23;80H [24;1HPressure: 969.054077;
[23;80H [24;1HHidity: 40.382812;
[23;80H [24;1HAccelX: 0.1863;
[23;80H [24;1HAccelY: 0.078963;
[23;80H [24;1HAccel 9.665807;
[23;80H [24;1HMagX: 0.100920;
[23;80H [24;1HMY: 0.237800;
[23;80H [24;1HMagZ: -081640;
[23;80H [24;1HTemperatureCHumid:27.500000;
[23;80H [24;1HmperatureC: 29.075001;
[23;80H [24;1HEvent:ub second micros:31666527/41743069; Event Count: 1
[23;80H [24;1HEvent: sub second micros:38823340/41743069Event Count: 2
[23;80H [24;1HEvent:ub second micros:11908369/41743069; Evt Count: 3
[23;80H [24;1HGNZDA,221307000,29,07,0$GPGGA,221307.000,4613.2247,N,067.21,E,,52.2,43.,M,8.2M,[24;80H[24;80H
[23;80H5[24;1H
[23;80H [24;1H
[23;80H [24;1HPPS: GP;
[23;80H [24;1HAltitude: 392.379272;
[23;80H [24;1HTemperatureCBaro: 30.650000;
[23;80H [24;1HPressure: 969.082581;
[23;80H [24;1HH 40.370117;
[23;80H [24;1HAccelX: 0.150748;
[23;80H [24;1HAccelY: 0.125025;
[23;80H [24;1HAccelZ: 9.643673;
[23;80H [24;1HMagX: 0.103240;
[23;80H [24;1HM39540;
[23;80H [24;1HMagZ: -0.380480;
[23;80H [24;1HTemperatureCHumid:27.500000;
[23;80H [24;1HTemperatureC: 29.075001;
[23;80H [24;1H$GZD,2138.00,9,7,020,*4
[23;80H [24;1HGPGA,2108.00461.247N,067.912E,,5,.1,433.4,M4.2,M,,*56
[23;80H [24;1H
[23;80H [24;1H
[23;80H [24;1HPPS: GP;
[23;80H [24;1HAltitude: 392.533051;
[23;80H [24;1HTemperatureCBaro: 30.650000;
[23;80H [24;1HPressure: 969.064758;
[23;80H [24;1HH 40.370117;
[23;80H [24;1HAccelX: 0.183051;
[23;80H [24;1HAccelY: 0.116650;
[23;80H [24;1HAccelZ: 9.629914;
[23;80H [24;1HMagX: 0.1020;
[23;80H [24;1HMagY: 0.232000;
[23;80H [24;1HgZ: -0.379900;
[23;80H [24;1HTemperatureCHud:27.500000;
[23;80H [24;1HTemperatureC: 2975001;
[23;80H [24;1HEvent: sub second micros:50135/41751341; Event Count: 1
[23;80H [24;1HEve: sub second micros:11577196/41751341;Event Count: 2
[23;80H [24;1HEvent: b second micros:27500467/417511; Event Count: 3
[23;80H [24;1HEvent: sub cond micros:31855709/41751341;vent Count: 4
[23;80H [24;1HEvent: sub seco micros:35081961/41751341; Event Count: 5
[23;80H [24;1H$GNZDA,221309.0009,07,2020,,*4F
[23;80H [24;1H$GPGGA,221309.000,461.247,,060.912,,15,.1243.4M,42,M,*57
[23;80H [24;1H
[23;80H [24;1H
[23;80H [24;1HPPS: GP;
[23;80H [24;1HAltitude: 392.593506;
[23;80H [24;1HTemperatureCBaro: 30.660000;
[23;80H [24;1HPressure: 969.057800;
[23;80H [24;1HHidity: 40.371094;
[23;80H [24;1HAccelX: 0.1061;
[23;80H [24;1HAccelY: 0.233300;
[23;80H [24;1HAccel 9.633504;
[23;80H [24;1HMagX: 0.104980;
[23;80H [24;1HMY: 0.240700;
[23;80H [24;1HMagZ: -087440;
[23;80H [24;1HTemperatureCHumid:27.500000;
[23;80H [24;1HTemperateC: 29.080000;
[23;80H [24;1HEvent: sub secd micros:20786137/41738086; Event Coun 1
[23;80H [24;1HEvent: sub second micros:11577196/41738086Event Count: 2
[23;80H [24;1H$NZD,2130.00,9,7,020,*7$GPGG,2131.00,613227,,0607922,,1,,1.7,334,M482,M,*7
[23;80H [24;1H
[23;80H [24;1HPPS: GP;
[23;80H [24;1HAltitude: 392.716034;atureCBaro: 30.660000;
[23;80H [24;1HPressure: 969.043579;
[23;80H [24;1HHumidity: 40.359375;
[23;80H [24;1HAccelX: 0.174078;
[23;80H [24;1HAccelY: 0.126221;
[23;80H [24;1HAccelZ: 9.665209;
[23;80H [24;1HMagX: 0.100340;
[23;80H [24;1HMagY: 0.245340;
[23;80H [24;1HgZ: -0.381060;
[23;80H [24;1HTemperatureCHud:27.500000;
[23;80H [24;1HTemperatureC: 2980000;
[23;80H [24;1HEvent: sub second micros:141780/41745910; Event Count: 1
[23;80H [24;1HEvt: sub second micros:21692059/745910; Event Count: 2
[23;80H [24;1HEvent:ub second micros:27500467/41745910; Event CounGNZA,213.000,2,0,220,*4
[23;80H [24;1HGPGA,2111.00,61.227N,060.912,,19,.4343.4M,48.2,M,55
[23;80H [24;1H
[23;80H [24;1H
[23;80H [24;1HPPS: GP;
[23;80H [24;1HAltitude: 392.317230;
[23;80H [24;1HTemperatureCBaro: 30.660000;
[23;80H [24;1HPressure: 969.089783;
[23;80H [24;1HHidity: 40.359375;
[23;80H [24;1HAccelX: 0.1060;
[23;80H [24;1HAccelY: 0.132802;
[23;80H [24;1HAccel 9.659227;
[23;80H [24;1HMagX: 0.104980;
[23;80H [24;1HMY: 0.238960;
[23;80H [24;1HMagZ: -075260;
[23;80H [24;1HTemperatureCHumid:27.500000;
[23;80H [24;1HmperatureC: 29.080000;
[23;80H [24;1H$GNZDA,221312.000,29,07,2020,,*45
[23;80H [24;1H$GPGGA,21312.061.47N0607.92,E,1,9,37334M8.,M,,*55
[23;80H [24;1H
[23;80H [24;1H[0m(B[7m[K[?12l[?25h[?25lCTRL-A Z for help | 115200 8N1 | NOR | Minicom 2.7.1 | VT102 | Offline | erial0[?12l[?25h[8;30H[?25l[0m(B+----------------------+[9;30H|    Leave Minicom?    |[10;30H|               No     |[11;30H+----------------------+[10;51H[?25l[10;33H[0m(B[7m   Yes  [?12l[?25h[8;1H[0m(BPPS: GP;                                             [9;1HAltitude: 392.317230;                                [10;1HTemperatureCBaro: 30.660000;                         [11;1HPressure: 969.089783;                                [24;1H[0m(B[7m[?12l[?25h[?12l[?25h[0m(B[H[2J[?12l[?25h[?1l>[!p[?3;4l[4l>